2023-12-21 13:33:19.727  INFO 7200 --- [main] b.v.timetable.TimetableApplicationTests  : Starting TimetableApplicationTests using Java 17.0.9 on DESKTOP-RS2D8GB with PID 7200 (started by Anton in D:\cit\timetable)
2023-12-21 13:33:19.767  INFO 7200 --- [main] b.v.timetable.TimetableApplicationTests  : No active profile set, falling back to 1 default profile: "default"
2023-12-21 13:33:21.683  INFO 7200 --- [main] .s.d.r.c.RepositoryConfigurationDelegate : Multiple Spring Data modules found, entering strict repository configuration mode
2023-12-21 13:33:21.683  INFO 7200 --- [main] .s.d.r.c.RepositoryConfigurationDelegate : Bootstrapping Spring Data JPA repositories in DEFAULT mode.
2023-12-21 13:33:21.777  INFO 7200 --- [main] .s.d.r.c.RepositoryConfigurationDelegate : Finished Spring Data repository scanning in 74 ms. Found 1 JPA repository interfaces.
2023-12-21 13:33:22.312  INFO 7200 --- [main] .s.d.r.c.RepositoryConfigurationDelegate : Multiple Spring Data modules found, entering strict repository configuration mode
2023-12-21 13:33:22.313  INFO 7200 --- [main] .s.d.r.c.RepositoryConfigurationDelegate : Bootstrapping Spring Data JDBC repositories in DEFAULT mode.
2023-12-21 13:33:22.326  INFO 7200 --- [main] .RepositoryConfigurationExtensionSupport : Spring Data JDBC - Could not safely identify store assignment for repository candidate interface by.vstu.timetable.repo.LessonModelRepository; If you want this repository to be a JDBC repository, consider annotating your entities with one of these annotations: org.springframework.data.relational.core.mapping.Table.
2023-12-21 13:33:22.326  INFO 7200 --- [main] .s.d.r.c.RepositoryConfigurationDelegate : Finished Spring Data repository scanning in 12 ms. Found 0 JDBC repository interfaces.
2023-12-21 13:33:23.269  INFO 7200 --- [main] trationDelegate$BeanPostProcessorChecker : Bean 'methodSecurityConfiguration' of type [by.vstu.timetable.configs.security.MethodSecurityConfiguration$$EnhancerBySpringCGLIB$$2ac6c335] is not eligible for getting processed by all BeanPostProcessors (for example: not eligible for auto-proxying)
2023-12-21 13:33:23.739  INFO 7200 --- [main] o.hibernate.jpa.internal.util.LogHelper  : HHH000204: Processing PersistenceUnitInfo [name: default]
2023-12-21 13:33:23.821  INFO 7200 --- [main] org.hibernate.Version                    : HHH000412: Hibernate ORM core version 5.6.15.Final
2023-12-21 13:33:24.020  INFO 7200 --- [main] o.hibernate.annotations.common.Version   : HCANN000001: Hibernate Commons Annotations {5.1.2.Final}
2023-12-21 13:33:24.286  INFO 7200 --- [main] com.zaxxer.hikari.HikariDataSource       : HikariPool-1 - Starting...
2023-12-21 13:33:24.441  INFO 7200 --- [main] com.zaxxer.hikari.HikariDataSource       : HikariPool-1 - Start completed.
2023-12-21 13:33:24.472  INFO 7200 --- [main] org.hibernate.dialect.Dialect            : HHH000400: Using dialect: org.hibernate.dialect.PostgreSQL10Dialect
2023-12-21 13:33:24.511  INFO 7200 --- [main] org.hibernate.orm.beans                  : HHH10005002: No explicit CDI BeanManager reference was passed to Hibernate, but CDI is available on the Hibernate ClassLoader.
2023-12-21 13:33:25.152  INFO 7200 --- [main] o.h.e.t.j.p.i.JtaPlatformInitiator       : HHH000490: Using JtaPlatform implementation: [org.hibernate.engine.transaction.jta.platform.internal.NoJtaPlatform]
2023-12-21 13:33:25.164  INFO 7200 --- [main] j.LocalContainerEntityManagerFactoryBean : Initialized JPA EntityManagerFactory for persistence unit 'default'
2023-12-21 13:33:27.787  WARN 7200 --- [main] JpaBaseConfiguration$JpaWebConfiguration : spring.jpa.open-in-view is enabled by default. Therefore, database queries may be performed during view rendering. Explicitly configure spring.jpa.open-in-view to disable this warning
2023-12-21 13:33:28.438  WARN 7200 --- [main] o.s.s.o.p.t.s.JwtAccessTokenConverter    : Unable to create an RSA verifier from verifierKey (ignoreable if using MAC)
2023-12-21 13:33:28.501  WARN 7200 --- [main] .s.s.UserDetailsServiceAutoConfiguration : 

Using generated security password: 0a065a7b-4439-492b-bdb0-1dd882922e28

This generated password is for development use only. Your security configuration must be updated before running your application in production.

2023-12-21 13:33:29.209  INFO 7200 --- [main] o.s.s.web.DefaultSecurityFilterChain     : Will secure any request with [org.springframework.security.web.session.DisableEncodeUrlFilter@c1d9c40, org.springframework.security.web.context.request.async.WebAsyncManagerIntegrationFilter@79e3f444, org.springframework.security.web.context.SecurityContextPersistenceFilter@18f1631c, org.springframework.security.web.header.HeaderWriterFilter@7bca98d5, org.springframework.web.filter.CorsFilter@205d6f84, org.springframework.security.web.authentication.logout.LogoutFilter@4b02dc4e, org.springframework.security.oauth2.provider.authentication.OAuth2AuthenticationProcessingFilter@538fb761, org.springframework.security.web.savedrequest.RequestCacheAwareFilter@457dc809, org.springframework.security.web.servletapi.SecurityContextHolderAwareRequestFilter@2a10407e, org.springframework.security.web.authentication.AnonymousAuthenticationFilter@14ea3ecf, org.springframework.security.web.session.SessionManagementFilter@79a88f45, org.springframework.security.web.access.ExceptionTranslationFilter@63661fc7, org.springframework.security.web.access.intercept.FilterSecurityInterceptor@20f94e9a]
2023-12-21 13:33:30.961  INFO 7200 --- [main] b.v.timetable.TimetableApplicationTests  : Started TimetableApplicationTests in 11.886 seconds (JVM running for 13.896)
2023-12-21 13:33:31.687  INFO 7200 --- [SpringApplicationShutdownHook] j.LocalContainerEntityManagerFactoryBean : Closing JPA EntityManagerFactory for persistence unit 'default'
2023-12-21 13:33:31.689  INFO 7200 --- [SpringApplicationShutdownHook] com.zaxxer.hikari.HikariDataSource       : HikariPool-1 - Shutdown initiated...
2023-12-21 13:33:31.693  INFO 7200 --- [SpringApplicationShutdownHook] com.zaxxer.hikari.HikariDataSource       : HikariPool-1 - Shutdown completed.
